01/30/21 02:03:03:05 AM: INFO: ********* test_homePageTitle *******
01/30/21 02:03:03:05 AM: INFO: ********* Verifying Home page Title *******
01/30/21 02:03:03:13 AM: INFO: ********* Home Page Title Test Case is Passed *******
01/30/21 02:03:03:16 AM: INFO: ********* test_Login *******
01/30/21 02:03:03:16 AM: INFO: ********* Verifying Login Test *******
01/30/21 02:03:03:34 AM: INFO: ********* Login Test Case is Passed *******
01/30/21 02:25:25:57 AM: INFO: ********* test_homePageTitle *******
01/30/21 02:25:25:57 AM: INFO: ********* Verifying Home page Title *******
01/30/21 02:26:26:05 AM: INFO: ********* Home Page Title Test Case is Passed *******
01/30/21 02:26:26:07 AM: INFO: ********* test_Login *******
01/30/21 02:26:26:07 AM: INFO: ********* Verifying Login Test *******
01/30/21 02:26:26:23 AM: INFO: ********* Login Test Case is Passed *******
01/30/21 03:23:23:56 AM: INFO: ********* test_homePageTitle *******
01/30/21 03:23:23:56 AM: INFO: ********* Verifying Home page Title *******
01/30/21 03:24:24:03 AM: INFO: ********* Home Page Title Test Case is Passed *******
01/30/21 03:24:24:06 AM: INFO: ********* test_Login *******
01/30/21 03:24:24:06 AM: INFO: ********* Verifying Login Test *******
01/30/21 03:24:24:22 AM: INFO: ********* Login Test Case is Passed *******
02/01/21 12:07:07:02 AM: INFO: ********* test_homePageTitle *******
02/01/21 12:07:07:02 AM: INFO: ********* Verifying Home page Title *******
02/01/21 12:07:07:09 AM: INFO: ********* Home Page Title Test Case is Passed *******
02/01/21 12:07:07:12 AM: INFO: ********* test_Login *******
02/01/21 12:07:07:12 AM: INFO: ********* Verifying Login Test *******
02/01/21 12:07:07:30 AM: ERROR: ********* Login Test case is Failed *******
02/01/21 12:26:26:00 AM: INFO: ********** test_login_DDT_001 Started ************
02/01/21 12:26:26:00 AM: INFO: ********** DDT Test ******
02/01/21 12:27:27:28 AM: INFO: ********** test_login_DDT_001 Started ************
02/01/21 12:27:27:28 AM: INFO: ********** DDT Test ******
02/01/21 12:27:27:50 AM: INFO: **** Test is Failed ****
02/01/21 12:29:29:25 AM: INFO: ********** test_login_DDT_001 Started ************
02/01/21 12:29:29:25 AM: INFO: ********** DDT Test ******
02/01/21 12:29:29:48 AM: INFO: **** Test is Failed ****
02/01/21 12:32:32:08 AM: INFO: ********** test_login_DDT_001 Started ************
02/01/21 12:32:32:08 AM: INFO: ********** DDT Test ******
02/01/21 12:32:32:59 AM: INFO: ********** test_login_DDT_001 Started ************
02/01/21 12:32:32:59 AM: INFO: ********** DDT Test ******
02/01/21 12:42:42:47 AM: INFO: ********** test_login_DDT_001 Started ************
02/01/21 12:42:42:47 AM: INFO: ********** DDT Test ******
02/01/21 12:43:43:13 AM: INFO: **** Test is Failed ****
02/01/21 12:52:52:27 AM: INFO: ********** test_login_DDT_001 Started ************
02/01/21 12:52:52:27 AM: INFO: ********** DDT Test ******
02/01/21 12:52:52:50 AM: INFO: **** Test is Failed ****
02/01/21 12:54:54:44 AM: INFO: ********** test_login_DDT_001 Started ************
02/01/21 12:54:54:44 AM: INFO: ********** DDT Test ******
02/01/21 12:55:55:07 AM: INFO: **** Test is Failed ****
02/01/21 12:56:56:24 AM: INFO: ********** test_login_DDT_001 Started ************
02/01/21 12:56:56:24 AM: INFO: ********** DDT Test ******
02/01/21 12:56:56:48 AM: INFO: **** Test is Failed ****
02/01/21 01:00:00:16 AM: INFO: ********** test_login_DDT_001 Started ************
02/01/21 01:00:00:16 AM: INFO: ********** DDT Test ******
02/01/21 01:00:00:37 AM: INFO: **** Test is Failed ****
02/01/21 01:02:02:10 AM: INFO: ********** test_login_DDT_001 Started ************
02/01/21 01:02:02:10 AM: INFO: ********** DDT Test ******
02/01/21 01:02:02:36 AM: INFO: **** Test is Failed ****
02/01/21 01:06:06:44 AM: INFO: ********** test_login_DDT_001 Started ************
02/01/21 01:06:06:44 AM: INFO: ********** DDT Test ******
02/01/21 01:08:08:07 AM: INFO: **** Test is Failed ****
02/01/21 01:20:20:07 AM: INFO: ********** test_login_DDT_001 Started ************
02/01/21 01:20:20:07 AM: INFO: ********** DDT Test ******
02/01/21 01:20:20:28 AM: INFO: **** Test is Failed ****
02/01/21 01:21:21:04 AM: INFO: ********** test_login_DDT_001 Started ************
02/01/21 01:21:21:04 AM: INFO: ********** DDT Test ******
02/01/21 01:22:22:30 AM: INFO: ********** test_login_DDT_001 Started ************
02/01/21 01:22:22:30 AM: INFO: ********** DDT Test ******
02/01/21 01:25:25:31 AM: INFO: ********** test_login_DDT_001 Started ************
02/01/21 01:25:25:31 AM: INFO: ********** DDT Test ******
02/01/21 01:25:25:56 AM: INFO: **** Test is Passed ****
02/01/21 01:26:26:37 AM: INFO: ********** test_login_DDT_001 Started ************
02/01/21 01:26:26:37 AM: INFO: ********** DDT Test ******
02/01/21 01:26:26:59 AM: INFO: **** Test is Failed ****
02/01/21 01:28:28:03 AM: INFO: ********** test_login_DDT_001 Started ************
02/01/21 01:28:28:03 AM: INFO: ********** DDT Test ******
02/01/21 01:28:28:27 AM: INFO: **** Test is Failed ****
02/01/21 01:29:29:12 AM: INFO: ********** test_login_DDT_001 Started ************
02/01/21 01:29:29:12 AM: INFO: ********** DDT Test ******
02/01/21 01:29:29:33 AM: INFO: **** Test is Failed ****
02/01/21 01:30:30:45 AM: INFO: ********** test_login_DDT_001 Started ************
02/01/21 01:30:30:45 AM: INFO: ********** DDT Test ******
02/01/21 01:31:31:09 AM: INFO: **** Test is Failed ****
02/01/21 01:33:33:00 AM: INFO: ********** test_login_DDT_001 Started ************
02/01/21 01:33:33:00 AM: INFO: ********** DDT Test ******
02/01/21 01:33:33:22 AM: INFO: **** Test is Failed ****
02/01/21 01:34:34:02 AM: INFO: ********** test_login_DDT_001 Started ************
02/01/21 01:34:34:02 AM: INFO: ********** DDT Test ******
02/01/21 01:34:34:23 AM: INFO: **** Test is Failed ****
02/01/21 01:35:35:57 AM: INFO: ********** test_login_DDT_001 Started ************
02/01/21 01:35:35:57 AM: INFO: ********** DDT Test ******
02/01/21 01:36:36:18 AM: INFO: **** Test is Passed ****
02/01/21 01:37:37:54 AM: INFO: ********** test_login_DDT_001 Started ************
02/01/21 01:37:37:54 AM: INFO: ********** DDT Test ******
02/01/21 01:38:38:13 AM: INFO: **** Test is Failed ****
02/01/21 01:40:40:58 AM: INFO: ********** test_login_DDT_001 Started ************
02/01/21 01:40:40:58 AM: INFO: ********** DDT Test ******
02/01/21 01:41:41:20 AM: INFO: **** Test is Passed ****
02/01/21 01:41:41:30 AM: INFO: **** Test is Passed ****
02/01/21 01:41:41:37 AM: INFO: **** Test is Passed ****
02/01/21 01:41:41:45 AM: INFO: **** Test is Passed ****
02/01/21 01:41:41:45 AM: INFO:  **** Login DDT Passed 
02/01/21 01:41:41:45 AM: INFO: ---------End of Login DDT Test-------
02/01/21 01:41:41:45 AM: INFO: ----------Completed TC_001/DDT-------
02/01/21 01:43:43:23 AM: INFO: ********** test_login_DDT_001 Started ************
02/01/21 01:43:43:23 AM: INFO: ********** DDT Test ******
02/01/21 01:43:43:46 AM: INFO: **** Test is Passed ****
02/01/21 01:43:43:56 AM: INFO: **** Test is Passed ****
02/01/21 01:44:44:03 AM: INFO: **** Test is Passed ****
02/01/21 01:44:44:10 AM: INFO: **** Test is Passed ****
02/01/21 01:44:44:10 AM: INFO:  **** Login DDT Passed 
02/01/21 01:44:44:11 AM: INFO: ---------End of Login DDT Test-------
02/01/21 01:44:44:11 AM: INFO: ----------Completed TC_001/DDT-------
02/05/21 02:11:11:00 AM: INFO: ********** test_login_DDT_001 Started ************
02/05/21 02:11:11:00 AM: INFO: ********** DDT Test ******
02/05/21 02:11:11:23 AM: INFO: **** Test is Passed ****
02/05/21 02:11:11:36 AM: INFO: **** Test is Passed ****
02/05/21 02:11:11:43 AM: INFO: **** Test is Passed ****
02/05/21 02:11:11:52 AM: INFO: **** Test is Passed ****
02/05/21 02:11:11:52 AM: INFO:  **** Login DDT Passed 
02/05/21 02:11:11:52 AM: INFO: ---------End of Login DDT Test-------
02/05/21 02:11:11:52 AM: INFO: ----------Completed TC_001/DDT-------
02/05/21 02:11:11:56 AM: INFO: ********* test_homePageTitle *******
02/05/21 02:11:11:56 AM: INFO: ********* Verifying Home page Title *******
02/05/21 02:12:12:02 AM: INFO: ********* Home Page Title Test Case is Passed *******
02/05/21 02:12:12:06 AM: INFO: ********* test_Login *******
02/05/21 02:12:12:06 AM: INFO: ********* Verifying Login Test *******
02/05/21 02:12:12:26 AM: INFO: ********* Login Test Case is Passed *******
02/05/21 10:31:31:00 AM: INFO: ********* TestAdd new customer *******
02/05/21 10:31:31:00 AM: INFO: ********* Verifying The Test Cases *******
02/05/21 10:31:31:26 AM: INFO:  ********* Login Successfull ********
02/05/21 10:31:31:26 AM: INFO:  ***** Starting Adding Customer ****** 
02/05/21 10:35:35:39 AM: INFO: ********* TestAdd new customer *******
02/05/21 10:35:35:39 AM: INFO: ********* Verifying The Test Cases *******
02/05/21 10:36:36:03 AM: INFO:  ********* Login Successfull ********
02/05/21 10:36:36:03 AM: INFO:  ***** Starting Adding Customer ****** 
02/05/21 10:36:36:53 AM: INFO: ********* TestAdd new customer *******
02/05/21 10:36:36:53 AM: INFO: ********* Verifying The Test Cases *******
02/05/21 10:37:37:14 AM: INFO:  ********* Login Successfull ********
02/05/21 10:37:37:14 AM: INFO:  ***** Starting Adding Customer ****** 
02/05/21 10:38:38:27 AM: INFO: ********* TestAdd new customer *******
02/05/21 10:38:38:27 AM: INFO: ********* Verifying The Test Cases *******
02/05/21 10:38:38:49 AM: INFO:  ********* Login Successfull ********
02/05/21 10:38:38:49 AM: INFO:  ***** Starting Adding Customer ****** 
02/05/21 10:39:39:09 AM: INFO:  Customer all information added
02/05/21 10:39:39:12 AM: ERROR: ****** Add Customer Test Case Failed ******* 
02/05/21 10:39:39:13 AM: INFO: ***** Test has been Ended *****
02/06/21 12:16:16:59 AM: INFO: ********* TestAdd new customer *******
02/06/21 12:16:16:59 AM: INFO: ********* Verifying The Test Cases *******
02/06/21 12:17:17:20 AM: INFO:  ********* Login Successfull ********
02/06/21 12:17:17:20 AM: INFO:  ***** Starting Adding Customer ****** 
02/06/21 12:17:17:37 AM: INFO:  Customer all information added
02/06/21 12:17:17:38 AM: ERROR: ****** Add Customer Test Case Failed ******* 
02/06/21 12:17:17:38 AM: INFO: ***** Test has been Ended *****
02/06/21 12:21:21:33 AM: INFO: ********* TestAdd new customer *******
02/06/21 12:21:21:33 AM: INFO: ********* Verifying The Test Cases *******
02/06/21 12:21:21:49 AM: INFO:  ********* Login Successfull ********
02/06/21 12:21:21:49 AM: INFO:  ***** Starting Adding Customer ****** 
02/06/21 12:22:22:03 AM: INFO:  Customer all information added
02/06/21 12:22:22:05 AM: ERROR: ****** Add Customer Test Case Failed ******* 
02/06/21 12:22:22:05 AM: INFO: ***** Test has been Ended *****
02/06/21 12:54:54:11 AM: INFO: ********* Test Search Customer *******
02/06/21 12:54:54:11 AM: INFO: ********* Verifying The Test Cases *******
02/06/21 12:54:54:33 AM: INFO:  ********* Login Successfull ********
02/06/21 12:54:54:33 AM: INFO:  ***** Starting Search Customer Test Case ****** 
02/06/21 12:56:56:16 AM: INFO: ********* Test Search Customer *******
02/06/21 12:56:56:16 AM: INFO: ********* Verifying The Test Cases *******
02/06/21 12:56:56:33 AM: INFO:  ********* Login Successfull ********
02/06/21 12:56:56:33 AM: INFO:  ***** Starting Search Customer Test Case ****** 
02/06/21 12:57:57:07 AM: INFO: ********* Test Search Customer *******
02/06/21 12:57:57:07 AM: INFO: ********* Verifying The Test Cases *******
02/06/21 12:57:57:27 AM: INFO:  ********* Login Successfull ********
02/06/21 12:57:57:27 AM: INFO:  ***** Starting Search Customer Test Case ****** 
02/06/21 12:58:58:38 AM: INFO: ********* Test Search Customer *******
02/06/21 12:58:58:38 AM: INFO: ********* Verifying The Test Cases *******
02/06/21 12:59:59:01 AM: INFO:  ********* Login Successfull ********
02/06/21 12:59:59:01 AM: INFO:  ***** Starting Search Customer Test Case ****** 
02/06/21 12:59:59:08 AM: ERROR: ****** Search Customer Test Case failed  ******* 
02/06/21 12:59:59:08 AM: INFO: ***** Test has been Ended *****
02/06/21 01:00:00:03 AM: INFO: ********* Test Search Customer *******
02/06/21 01:00:00:03 AM: INFO: ********* Verifying The Test Cases *******
02/06/21 01:00:00:22 AM: INFO:  ********* Login Successfull ********
02/06/21 01:00:00:22 AM: INFO:  ***** Starting Search Customer Test Case ****** 
02/06/21 01:00:00:35 AM: INFO: ******* Search Customer Test Case passed ******
02/06/21 01:00:00:36 AM: INFO: ***** Test has been Ended *****
02/06/21 01:00:00:57 AM: INFO: ********* Test Search Customer *******
02/06/21 01:00:00:57 AM: INFO: ********* Verifying The Test Cases *******
02/06/21 01:01:01:15 AM: INFO:  ********* Login Successfull ********
02/06/21 01:01:01:15 AM: INFO:  ***** Starting Search Customer Test Case ****** 
02/06/21 01:01:01:33 AM: INFO: ******* Search Customer Test Case passed ******
02/06/21 01:01:01:34 AM: INFO: ***** Test has been Ended *****
02/06/21 01:46:46:27 AM: INFO: ********* Test Search Customer *******
02/06/21 01:46:46:27 AM: INFO: ********* Verifying The Test Cases *******
02/06/21 01:46:46:45 AM: INFO:  ********* Login Successfull ********
02/06/21 01:46:46:45 AM: INFO:  ***** Starting Search Customer Test Case ****** 
02/06/21 01:48:48:08 AM: INFO: ********* Test Search Customer *******
02/06/21 01:48:48:08 AM: INFO: ********* Verifying The Test Cases *******
02/06/21 01:48:48:28 AM: INFO:  ********* Login Successfull ********
02/06/21 01:48:48:28 AM: INFO:  ***** Starting Search Customer Test Case ****** 
02/06/21 01:49:49:47 AM: INFO: ********* Test Search Customer *******
02/06/21 01:49:49:47 AM: INFO: ********* Verifying The Test Cases *******
02/06/21 01:50:50:08 AM: INFO:  ********* Login Successfull ********
02/06/21 01:50:50:08 AM: INFO:  ***** Starting Search Customer Test Case ****** 
02/06/21 01:51:51:59 AM: INFO: ********* Test Search Customer *******
02/06/21 01:51:51:59 AM: INFO: ********* Verifying The Test Cases *******
02/06/21 01:52:52:19 AM: INFO:  ********* Login Successfull ********
02/06/21 01:52:52:19 AM: INFO:  ***** Starting Search Customer Test Case ****** 
02/06/21 01:53:53:16 AM: INFO: ********* Test Search Customer *******
02/06/21 01:53:53:16 AM: INFO: ********* Verifying The Test Cases *******
02/06/21 01:53:53:39 AM: INFO:  ********* Login Successfull ********
02/06/21 01:53:53:39 AM: INFO:  ***** Starting Search Customer Test Case ****** 
02/06/21 01:54:54:52 AM: INFO: ********* Test Search Customer *******
02/06/21 01:54:54:52 AM: INFO: ********* Verifying The Test Cases *******
02/06/21 01:55:55:14 AM: INFO:  ********* Login Successfull ********
02/06/21 01:55:55:14 AM: INFO:  ***** Starting Search Customer Test Case ****** 
02/06/21 01:56:56:35 AM: INFO: ********* Test Search Customer *******
02/06/21 01:56:56:35 AM: INFO: ********* Verifying The Test Cases *******
02/06/21 01:56:56:58 AM: INFO:  ********* Login Successfull ********
02/06/21 01:56:56:58 AM: INFO:  ***** Starting Search Customer Test Case ****** 
02/07/21 12:49:49:00 AM: INFO: ********* Test Search Customer *******
02/07/21 12:49:49:00 AM: INFO: ********* Verifying The Test Cases *******
02/07/21 12:49:49:27 AM: INFO:  ********* Login Successfull ********
02/07/21 12:49:49:27 AM: INFO:  ***** Starting Search Customer Test Case ****** 
02/07/21 12:57:57:25 AM: INFO: ********* Test Search Customer *******
02/07/21 12:57:57:25 AM: INFO: ********* Verifying The Test Cases *******
02/07/21 12:57:57:45 AM: INFO:  ********* Login Successfull ********
02/07/21 12:57:57:45 AM: INFO:  ***** Starting Search Customer Test Case ****** 
02/07/21 01:03:03:21 AM: INFO: ********* Test Search Customer *******
02/07/21 01:03:03:21 AM: INFO: ********* Verifying The Test Cases *******
02/07/21 01:03:03:40 AM: INFO:  ********* Login Successfull ********
02/07/21 01:03:03:40 AM: INFO:  ***** Starting Search Customer Test Case ****** 
02/07/21 01:06:06:02 AM: INFO: ********* Test Search Customer *******
02/07/21 01:06:06:02 AM: INFO: ********* Verifying The Test Cases *******
02/07/21 01:06:06:22 AM: INFO:  ********* Login Successfull ********
02/07/21 01:06:06:22 AM: INFO:  ***** Starting Search Customer Test Case ****** 
02/07/21 01:10:10:07 AM: INFO: ********* Test Search Customer *******
02/07/21 01:10:10:07 AM: INFO: ********* Verifying The Test Cases *******
02/07/21 01:10:10:25 AM: INFO:  ********* Login Successfull ********
02/07/21 01:10:10:25 AM: INFO:  ***** Starting Search Customer Test Case ****** 
02/07/21 01:11:11:20 AM: INFO: ********* Test Search Customer *******
02/07/21 01:11:11:20 AM: INFO: ********* Verifying The Test Cases *******
02/07/21 01:11:11:38 AM: INFO:  ********* Login Successfull ********
02/07/21 01:11:11:38 AM: INFO:  ***** Starting Search Customer Test Case ****** 
02/07/21 01:12:12:42 AM: INFO: ********* Test Search Customer *******
02/07/21 01:12:12:42 AM: INFO: ********* Verifying The Test Cases *******
02/07/21 01:13:13:03 AM: INFO:  ********* Login Successfull ********
02/07/21 01:13:13:03 AM: INFO:  ***** Starting Search Customer Test Case ****** 
02/07/21 01:13:13:20 AM: INFO: ***** Test has been Ended *****
02/07/21 01:13:13:51 AM: INFO: ********* Test Search Customer *******
02/07/21 01:13:13:51 AM: INFO: ********* Verifying The Test Cases *******
02/07/21 01:14:14:11 AM: INFO:  ********* Login Successfull ********
02/07/21 01:14:14:11 AM: INFO:  ***** Starting Search Customer Test Case ****** 
02/07/21 01:15:15:17 AM: INFO: ********* Test Search Customer *******
02/07/21 01:15:15:17 AM: INFO: ********* Verifying The Test Cases *******
02/07/21 01:15:15:41 AM: INFO:  ********* Login Successfull ********
02/07/21 01:15:15:41 AM: INFO:  ***** Starting Search Customer Test Case ****** 
02/07/21 01:17:17:25 AM: INFO: ********* Test Search Customer *******
02/07/21 01:17:17:25 AM: INFO: ********* Verifying The Test Cases *******
02/07/21 01:17:17:49 AM: INFO:  ********* Login Successfull ********
02/07/21 01:17:17:49 AM: INFO:  ***** Starting Search Customer Test Case ****** 
02/07/21 01:20:20:36 AM: INFO: ********* Test Search Customer *******
02/07/21 01:20:20:36 AM: INFO: ********* Verifying The Test Cases *******
02/07/21 01:20:20:56 AM: INFO:  ********* Login Successfull ********
02/07/21 01:20:20:56 AM: INFO:  ***** Starting Search Customer Test Case ****** 
02/07/21 01:23:23:10 AM: INFO: ********* Test Search Customer *******
02/07/21 01:23:23:10 AM: INFO: ********* Verifying The Test Cases *******
02/07/21 01:23:23:32 AM: INFO:  ********* Login Successfull ********
02/07/21 01:23:23:32 AM: INFO:  ***** Starting Search Customer Test Case ****** 
02/07/21 01:26:26:34 AM: INFO: ********* Test Search Customer *******
02/07/21 01:26:26:34 AM: INFO: ********* Verifying The Test Cases *******
02/07/21 01:26:26:58 AM: INFO:  ********* Login Successfull ********
02/07/21 01:26:26:58 AM: INFO:  ***** Starting Search Customer Test Case ****** 
02/07/21 01:31:31:24 AM: INFO: ********* Test Search Customer *******
02/07/21 01:31:31:24 AM: INFO: ********* Verifying The Test Cases *******
02/07/21 01:31:31:43 AM: INFO:  ********* Login Successfull ********
02/07/21 01:31:31:43 AM: INFO:  ***** Starting Search Customer Test Case ****** 
02/07/21 01:31:31:59 AM: INFO: ***** Test has been Ended *****
02/07/21 01:32:32:51 AM: INFO: ********* Test Search Customer *******
02/07/21 01:32:32:51 AM: INFO: ********* Verifying The Test Cases *******
02/07/21 01:33:33:11 AM: INFO:  ********* Login Successfull ********
02/07/21 01:33:33:11 AM: INFO:  ***** Starting Search Customer Test Case ****** 
02/07/21 01:34:34:32 AM: INFO: ********* Test Search Customer *******
02/07/21 01:34:34:32 AM: INFO: ********* Verifying The Test Cases *******
02/07/21 01:34:34:53 AM: INFO:  ********* Login Successfull ********
02/07/21 01:34:34:53 AM: INFO:  ***** Starting Search Customer Test Case ****** 
02/07/21 01:35:35:42 AM: INFO: ********* Test Search Customer *******
02/07/21 01:35:35:42 AM: INFO: ********* Verifying The Test Cases *******
02/07/21 01:36:36:02 AM: INFO:  ********* Login Successfull ********
02/07/21 01:36:36:02 AM: INFO:  ***** Starting Search Customer Test Case ****** 
02/07/21 01:36:36:25 AM: INFO: ***** Test has been Ended *****
02/07/21 01:38:38:56 AM: INFO: ********* Test Search Customer *******
02/07/21 01:38:38:56 AM: INFO: ********* Verifying The Test Cases *******
02/07/21 01:39:39:20 AM: INFO:  ********* Login Successfull ********
02/07/21 01:39:39:20 AM: INFO:  ***** Starting Search Customer Test Case ****** 
02/07/21 01:40:40:46 AM: INFO: ********* Test Search Customer *******
02/07/21 01:40:40:46 AM: INFO: ********* Verifying The Test Cases *******
02/07/21 01:41:41:08 AM: INFO:  ********* Login Successfull ********
02/07/21 01:41:41:08 AM: INFO:  ***** Starting Search Customer Test Case ****** 
02/07/21 01:42:42:40 AM: INFO: ********* Test Search Customer *******
02/07/21 01:42:42:40 AM: INFO: ********* Verifying The Test Cases *******
02/07/21 01:43:43:02 AM: INFO:  ********* Login Successfull ********
02/07/21 01:43:43:02 AM: INFO:  ***** Starting Search Customer Test Case ****** 
02/07/21 01:43:43:19 AM: INFO: ***** Test has been Ended *****
02/08/21 12:45:45:49 AM: INFO: ********* test_homePageTitle *******
02/08/21 12:45:45:49 AM: INFO: ********* Verifying Home page Title *******
02/08/21 12:45:45:58 AM: INFO: ********* Home Page Title Test Case is Passed *******
02/08/21 12:47:47:13 AM: INFO: ********** test_login_DDT_001 Started ************
02/08/21 12:47:47:13 AM: INFO: ********** DDT Test ******
02/08/21 12:47:47:39 AM: INFO: **** Test is Passed ****
02/08/21 12:47:47:49 AM: INFO: **** Test is Passed ****
02/08/21 12:47:47:57 AM: INFO: **** Test is Passed ****
02/08/21 12:48:48:04 AM: INFO: **** Test is Passed ****
02/08/21 12:48:48:04 AM: INFO:  **** Login DDT Passed 
02/08/21 12:48:48:04 AM: INFO: ---------End of Login DDT Test-------
02/08/21 12:48:48:04 AM: INFO: ----------Completed TC_001/DDT-------
02/08/21 12:48:48:08 AM: INFO: ********* TestAdd new customer *******
02/08/21 12:48:48:08 AM: INFO: ********* Verifying The Test Cases *******
02/08/21 12:48:48:30 AM: INFO:  ********* Login Successfull ********
02/08/21 12:48:48:30 AM: INFO:  ***** Starting Adding Customer ****** 
02/08/21 12:48:48:53 AM: INFO:  Customer all information added
02/08/21 12:48:48:55 AM: ERROR: ****** Add Customer Test Case Failed ******* 
02/08/21 12:48:48:56 AM: INFO: ***** Test has been Ended *****
02/08/21 12:49:49:01 AM: INFO: ********* test_homePageTitle *******
02/08/21 12:49:49:01 AM: INFO: ********* Verifying Home page Title *******
02/08/21 12:49:49:09 AM: INFO: ********* Home Page Title Test Case is Passed *******
02/08/21 12:49:49:13 AM: INFO: ********* Test Search Customer *******
02/08/21 12:49:49:13 AM: INFO: ********* Verifying The Test Cases *******
02/08/21 12:49:49:36 AM: INFO:  ********* Login Successfull ********
02/08/21 12:49:49:36 AM: INFO:  ***** Starting Search Customer Test Case ****** 
02/08/21 12:49:49:51 AM: INFO: ***** Test has been Ended *****
02/08/21 12:53:53:15 AM: INFO: ********* test_homePageTitle *******
02/08/21 12:53:53:15 AM: INFO: ********* Verifying Home page Title *******
02/08/21 12:53:53:20 AM: INFO: ********* Home Page Title Test Case is Passed *******
02/08/21 12:53:53:55 AM: INFO: ********* test_homePageTitle *******
02/08/21 12:53:53:55 AM: INFO: ********* Verifying Home page Title *******
02/08/21 12:54:54:06 AM: INFO: ********* Home Page Title Test Case is Passed *******
02/08/21 01:14:14:06 AM: INFO: ********* test_homePageTitle *******
02/08/21 01:14:14:06 AM: INFO: ********* Verifying Home page Title *******
02/08/21 01:14:14:12 AM: INFO: ********* Home Page Title Test Case is Passed *******
02/08/21 01:15:15:51 AM: INFO: ********* test_homePageTitle *******
02/08/21 01:15:15:51 AM: INFO: ********* Verifying Home page Title *******
02/08/21 01:15:15:58 AM: INFO: ********* Home Page Title Test Case is Passed *******
02/08/21 01:43:43:57 AM: INFO: ********* test_homePageTitle *******
02/08/21 01:43:43:57 AM: INFO: ********* Verifying Home page Title *******
02/08/21 01:44:44:08 AM: INFO: ********* Home Page Title Test Case is Passed *******
02/09/21 01:42:42:51 AM: INFO: ********* test_homePageTitle *******
02/09/21 01:42:42:51 AM: INFO: ********* Verifying Home page Title *******
02/09/21 01:44:44:10 AM: INFO: ********* Home Page Title Test Case is Passed *******
